2020-04-16 15:26:40.028 [info] <0.43.0> Application lager started on node nonode@nohost
2020-04-16 15:26:40.037 [info] <0.43.0> Application xmerl started on node nonode@nohost
2020-04-16 15:26:40.057 [info] <0.43.0> Application sasl started on node nonode@nohost
2020-04-16 15:26:40.061 [info] <0.43.0> Application tools started on node nonode@nohost
2020-04-16 15:26:40.066 [info] <0.43.0> Application jsx started on node nonode@nohost
2020-04-16 15:26:40.077 [info] <0.43.0> Application ranch started on node nonode@nohost
2020-04-16 15:26:40.079 [info] <0.43.0> Application recon started on node nonode@nohost
2020-04-16 15:26:40.110 [info] <0.43.0> Application credentials_obfuscation started on node nonode@nohost
2020-04-16 15:26:40.110 [info] <0.43.0> Application rabbit_common started on node nonode@nohost
2020-04-16 15:26:40.119 [info] <0.43.0> Application amqp_client started on node nonode@nohost
2020-04-16 15:26:40.120 [info] <0.43.0> Application amqp started on node nonode@nohost
2020-04-16 15:26:40.123 [info] <0.43.0> Application jason started on node nonode@nohost
2020-04-16 15:26:40.125 [info] <0.43.0> Application castore started on node nonode@nohost
2020-04-16 15:26:40.127 [info] <0.43.0> Application redix started on node nonode@nohost
2020-04-16 15:26:40.131 [info] <0.43.0> Application connection started on node nonode@nohost
2020-04-16 15:26:40.134 [info] <0.43.0> Application decimal started on node nonode@nohost
2020-04-16 15:26:40.144 [info] <0.43.0> Application db_connection started on node nonode@nohost
2020-04-16 15:26:40.154 [info] <0.43.0> Application postgrex started on node nonode@nohost
2020-04-16 15:26:40.159 [info] <0.43.0> Application ecto started on node nonode@nohost
2020-04-16 15:26:40.161 [info] <0.43.0> Application ecto_sql started on node nonode@nohost
2020-04-16 15:26:40.162 [info] <0.43.0> Application phoenix_html started on node nonode@nohost
2020-04-16 15:26:40.169 [info] <0.43.0> Application cowlib started on node nonode@nohost
2020-04-16 15:26:40.174 [info] <0.43.0> Application cowboy started on node nonode@nohost
2020-04-16 15:26:40.176 [info] <0.43.0> Application plug_cowboy started on node nonode@nohost
2020-04-16 15:26:40.180 [info] <0.43.0> Application file_system started on node nonode@nohost
2020-04-16 15:26:40.191 [info] <0.43.0> Application phoenix_live_reload started on node nonode@nohost
2020-04-16 15:26:40.193 [info] <0.43.0> Application phoenix_ecto started on node nonode@nohost
2020-04-16 15:26:40.329 [info] <0.43.0> Application genserv started on node nonode@nohost
2020-04-16 15:29:21.225 [info] <0.43.0> Application lager started on node nonode@nohost
2020-04-16 15:29:21.234 [info] <0.43.0> Application xmerl started on node nonode@nohost
2020-04-16 15:29:21.260 [info] <0.43.0> Application sasl started on node nonode@nohost
2020-04-16 15:29:21.267 [info] <0.43.0> Application tools started on node nonode@nohost
2020-04-16 15:29:21.272 [info] <0.43.0> Application jsx started on node nonode@nohost
2020-04-16 15:29:21.284 [info] <0.43.0> Application ranch started on node nonode@nohost
2020-04-16 15:29:21.289 [info] <0.43.0> Application recon started on node nonode@nohost
2020-04-16 15:29:21.325 [info] <0.43.0> Application credentials_obfuscation started on node nonode@nohost
2020-04-16 15:29:21.325 [info] <0.43.0> Application rabbit_common started on node nonode@nohost
2020-04-16 15:29:21.336 [info] <0.43.0> Application amqp_client started on node nonode@nohost
2020-04-16 15:29:21.360 [info] <0.43.0> Application amqp started on node nonode@nohost
2020-04-16 15:29:21.367 [info] <0.43.0> Application connection started on node nonode@nohost
2020-04-16 15:29:21.371 [info] <0.43.0> Application decimal started on node nonode@nohost
2020-04-16 15:29:21.381 [info] <0.43.0> Application db_connection started on node nonode@nohost
2020-04-16 15:29:21.393 [info] <0.43.0> Application postgrex started on node nonode@nohost
2020-04-16 15:29:21.403 [info] <0.43.0> Application ecto started on node nonode@nohost
2020-04-16 15:29:21.407 [info] <0.43.0> Application ecto_sql started on node nonode@nohost
2020-04-16 15:29:21.408 [info] <0.43.0> Application phoenix_html started on node nonode@nohost
2020-04-16 15:29:21.414 [info] <0.43.0> Application cowlib started on node nonode@nohost
2020-04-16 15:29:21.424 [info] <0.43.0> Application cowboy started on node nonode@nohost
2020-04-16 15:29:21.425 [info] <0.43.0> Application plug_cowboy started on node nonode@nohost
2020-04-16 15:29:21.430 [info] <0.43.0> Application file_system started on node nonode@nohost
2020-04-16 15:29:21.471 [info] <0.43.0> Application phoenix_live_reload started on node nonode@nohost
2020-04-16 15:29:21.475 [info] <0.43.0> Application phoenix_ecto started on node nonode@nohost
2020-04-16 15:29:21.585 [info] <0.43.0> Application genserv started on node nonode@nohost
2020-04-16 15:29:47.495 [info] <0.43.0> Application lager started on node nonode@nohost
2020-04-16 15:29:47.501 [info] <0.43.0> Application xmerl started on node nonode@nohost
2020-04-16 15:29:47.521 [info] <0.43.0> Application sasl started on node nonode@nohost
2020-04-16 15:29:47.528 [info] <0.43.0> Application tools started on node nonode@nohost
2020-04-16 15:29:47.530 [info] <0.43.0> Application jsx started on node nonode@nohost
2020-04-16 15:29:47.544 [info] <0.43.0> Application ranch started on node nonode@nohost
2020-04-16 15:29:47.548 [info] <0.43.0> Application recon started on node nonode@nohost
2020-04-16 15:29:47.586 [info] <0.43.0> Application credentials_obfuscation started on node nonode@nohost
2020-04-16 15:29:47.586 [info] <0.43.0> Application rabbit_common started on node nonode@nohost
2020-04-16 15:29:47.595 [info] <0.43.0> Application amqp_client started on node nonode@nohost
2020-04-16 15:29:47.597 [info] <0.43.0> Application amqp started on node nonode@nohost
2020-04-16 15:29:47.605 [info] <0.43.0> Application connection started on node nonode@nohost
2020-04-16 15:29:47.610 [info] <0.43.0> Application decimal started on node nonode@nohost
2020-04-16 15:29:47.642 [info] <0.43.0> Application db_connection started on node nonode@nohost
2020-04-16 15:29:47.654 [info] <0.43.0> Application postgrex started on node nonode@nohost
2020-04-16 15:29:47.663 [info] <0.43.0> Application ecto started on node nonode@nohost
2020-04-16 15:29:47.665 [info] <0.43.0> Application ecto_sql started on node nonode@nohost
2020-04-16 15:29:47.666 [info] <0.43.0> Application phoenix_html started on node nonode@nohost
2020-04-16 15:29:47.676 [info] <0.43.0> Application cowlib started on node nonode@nohost
2020-04-16 15:29:47.681 [info] <0.43.0> Application cowboy started on node nonode@nohost
2020-04-16 15:29:47.683 [info] <0.43.0> Application plug_cowboy started on node nonode@nohost
2020-04-16 15:29:47.692 [info] <0.43.0> Application file_system started on node nonode@nohost
2020-04-16 15:29:47.709 [info] <0.43.0> Application phoenix_live_reload started on node nonode@nohost
2020-04-16 15:29:47.713 [info] <0.43.0> Application phoenix_ecto started on node nonode@nohost
2020-04-16 15:29:47.823 [info] <0.43.0> Application genserv started on node nonode@nohost
2020-04-16 16:44:42.958 [info] <0.43.0> Application lager started on node nonode@nohost
2020-04-16 16:44:42.965 [info] <0.43.0> Application xmerl started on node nonode@nohost
2020-04-16 16:44:42.986 [info] <0.43.0> Application sasl started on node nonode@nohost
2020-04-16 16:44:42.999 [info] <0.43.0> Application tools started on node nonode@nohost
2020-04-16 16:44:43.002 [info] <0.43.0> Application jsx started on node nonode@nohost
2020-04-16 16:44:43.015 [info] <0.43.0> Application ranch started on node nonode@nohost
2020-04-16 16:44:43.019 [info] <0.43.0> Application recon started on node nonode@nohost
2020-04-16 16:44:43.065 [info] <0.43.0> Application credentials_obfuscation started on node nonode@nohost
2020-04-16 16:44:43.065 [info] <0.43.0> Application rabbit_common started on node nonode@nohost
2020-04-16 16:44:43.078 [info] <0.43.0> Application amqp_client started on node nonode@nohost
2020-04-16 16:44:43.153 [info] <0.43.0> Application amqp started on node nonode@nohost
2020-04-16 16:44:43.162 [info] <0.43.0> Application connection started on node nonode@nohost
2020-04-16 16:44:43.165 [info] <0.43.0> Application decimal started on node nonode@nohost
2020-04-16 16:44:43.181 [info] <0.43.0> Application db_connection started on node nonode@nohost
2020-04-16 16:44:43.200 [info] <0.43.0> Application postgrex started on node nonode@nohost
2020-04-16 16:44:43.212 [info] <0.43.0> Application ecto started on node nonode@nohost
2020-04-16 16:44:43.215 [info] <0.43.0> Application ecto_sql started on node nonode@nohost
2020-04-16 16:44:43.217 [info] <0.43.0> Application phoenix_html started on node nonode@nohost
2020-04-16 16:44:43.223 [info] <0.43.0> Application cowlib started on node nonode@nohost
2020-04-16 16:44:43.236 [info] <0.43.0> Application cowboy started on node nonode@nohost
2020-04-16 16:44:43.238 [info] <0.43.0> Application plug_cowboy started on node nonode@nohost
2020-04-16 16:44:43.249 [info] <0.43.0> Application file_system started on node nonode@nohost
2020-04-16 16:44:43.272 [info] <0.43.0> Application phoenix_live_reload started on node nonode@nohost
2020-04-16 16:44:43.279 [info] <0.43.0> Application phoenix_ecto started on node nonode@nohost
2020-04-16 16:44:43.422 [info] <0.43.0> Application genserv started on node nonode@nohost
2020-04-16 16:47:43.949 [info] <0.43.0> Application lager started on node nonode@nohost
2020-04-16 16:47:43.957 [info] <0.43.0> Application xmerl started on node nonode@nohost
2020-04-16 16:47:43.988 [info] <0.43.0> Application sasl started on node nonode@nohost
2020-04-16 16:47:44.026 [info] <0.43.0> Application tools started on node nonode@nohost
2020-04-16 16:47:44.028 [info] <0.43.0> Application jsx started on node nonode@nohost
2020-04-16 16:47:44.040 [info] <0.43.0> Application ranch started on node nonode@nohost
2020-04-16 16:47:44.047 [info] <0.43.0> Application recon started on node nonode@nohost
2020-04-16 16:47:44.139 [info] <0.43.0> Application credentials_obfuscation started on node nonode@nohost
2020-04-16 16:47:44.139 [info] <0.43.0> Application rabbit_common started on node nonode@nohost
2020-04-16 16:47:44.162 [info] <0.43.0> Application amqp_client started on node nonode@nohost
2020-04-16 16:47:44.166 [info] <0.43.0> Application amqp started on node nonode@nohost
2020-04-16 16:47:44.179 [info] <0.43.0> Application connection started on node nonode@nohost
2020-04-16 16:47:44.203 [info] <0.43.0> Application decimal started on node nonode@nohost
2020-04-16 16:47:44.228 [info] <0.43.0> Application db_connection started on node nonode@nohost
2020-04-16 16:47:44.261 [info] <0.43.0> Application postgrex started on node nonode@nohost
2020-04-16 16:47:44.270 [info] <0.43.0> Application ecto started on node nonode@nohost
2020-04-16 16:47:44.275 [info] <0.43.0> Application ecto_sql started on node nonode@nohost
2020-04-16 16:47:44.277 [info] <0.43.0> Application phoenix_html started on node nonode@nohost
2020-04-16 16:47:44.301 [info] <0.43.0> Application cowlib started on node nonode@nohost
2020-04-16 16:47:44.308 [info] <0.43.0> Application cowboy started on node nonode@nohost
2020-04-16 16:47:44.309 [info] <0.43.0> Application plug_cowboy started on node nonode@nohost
2020-04-16 16:47:44.314 [info] <0.43.0> Application file_system started on node nonode@nohost
2020-04-16 16:47:44.355 [info] <0.43.0> Application phoenix_live_reload started on node nonode@nohost
2020-04-16 16:47:44.361 [info] <0.43.0> Application phoenix_ecto started on node nonode@nohost
2020-04-16 16:47:44.525 [info] <0.43.0> Application genserv started on node nonode@nohost
2020-04-16 16:52:01.112 [info] <0.43.0> Application lager started on node nonode@nohost
2020-04-16 16:52:01.125 [info] <0.43.0> Application xmerl started on node nonode@nohost
2020-04-16 16:52:01.149 [info] <0.43.0> Application sasl started on node nonode@nohost
2020-04-16 16:52:01.162 [info] <0.43.0> Application tools started on node nonode@nohost
2020-04-16 16:52:01.164 [info] <0.43.0> Application jsx started on node nonode@nohost
2020-04-16 16:52:01.186 [info] <0.43.0> Application ranch started on node nonode@nohost
2020-04-16 16:52:01.193 [info] <0.43.0> Application recon started on node nonode@nohost
2020-04-16 16:52:01.239 [info] <0.43.0> Application credentials_obfuscation started on node nonode@nohost
2020-04-16 16:52:01.240 [info] <0.43.0> Application rabbit_common started on node nonode@nohost
2020-04-16 16:52:01.248 [info] <0.43.0> Application amqp_client started on node nonode@nohost
2020-04-16 16:52:01.248 [info] <0.43.0> Application amqp started on node nonode@nohost
2020-04-16 16:52:01.257 [info] <0.43.0> Application connection started on node nonode@nohost
2020-04-16 16:52:01.262 [info] <0.43.0> Application decimal started on node nonode@nohost
2020-04-16 16:52:01.276 [info] <0.43.0> Application db_connection started on node nonode@nohost
2020-04-16 16:52:01.289 [info] <0.43.0> Application postgrex started on node nonode@nohost
2020-04-16 16:52:01.295 [info] <0.43.0> Application ecto started on node nonode@nohost
2020-04-16 16:52:01.296 [info] <0.43.0> Application ecto_sql started on node nonode@nohost
2020-04-16 16:52:01.297 [info] <0.43.0> Application phoenix_html started on node nonode@nohost
2020-04-16 16:52:01.307 [info] <0.43.0> Application cowlib started on node nonode@nohost
2020-04-16 16:52:01.317 [info] <0.43.0> Application cowboy started on node nonode@nohost
2020-04-16 16:52:01.317 [info] <0.43.0> Application plug_cowboy started on node nonode@nohost
2020-04-16 16:52:01.327 [info] <0.43.0> Application phoenix_ecto started on node nonode@nohost
2020-04-16 16:52:01.368 [info] <0.43.0> Application genserv started on node nonode@nohost
2020-04-16 16:52:37.468 [info] <0.43.0> Application lager started on node nonode@nohost
2020-04-16 16:52:37.475 [info] <0.43.0> Application xmerl started on node nonode@nohost
2020-04-16 16:52:37.488 [info] <0.43.0> Application sasl started on node nonode@nohost
2020-04-16 16:52:37.494 [info] <0.43.0> Application tools started on node nonode@nohost
2020-04-16 16:52:37.503 [info] <0.43.0> Application jsx started on node nonode@nohost
2020-04-16 16:52:37.512 [info] <0.43.0> Application ranch started on node nonode@nohost
2020-04-16 16:52:37.531 [info] <0.43.0> Application recon started on node nonode@nohost
2020-04-16 16:52:37.579 [info] <0.43.0> Application credentials_obfuscation started on node nonode@nohost
2020-04-16 16:52:37.579 [info] <0.43.0> Application rabbit_common started on node nonode@nohost
2020-04-16 16:52:37.591 [info] <0.43.0> Application amqp_client started on node nonode@nohost
2020-04-16 16:52:37.595 [info] <0.43.0> Application amqp started on node nonode@nohost
2020-04-16 16:52:37.604 [info] <0.43.0> Application connection started on node nonode@nohost
2020-04-16 16:52:37.609 [info] <0.43.0> Application decimal started on node nonode@nohost
2020-04-16 16:52:37.623 [info] <0.43.0> Application db_connection started on node nonode@nohost
2020-04-16 16:52:37.639 [info] <0.43.0> Application postgrex started on node nonode@nohost
2020-04-16 16:52:37.649 [info] <0.43.0> Application ecto started on node nonode@nohost
2020-04-16 16:52:37.651 [info] <0.43.0> Application ecto_sql started on node nonode@nohost
2020-04-16 16:52:37.656 [info] <0.43.0> Application phoenix_html started on node nonode@nohost
2020-04-16 16:52:37.665 [info] <0.43.0> Application cowlib started on node nonode@nohost
2020-04-16 16:52:37.669 [info] <0.43.0> Application cowboy started on node nonode@nohost
2020-04-16 16:52:37.671 [info] <0.43.0> Application plug_cowboy started on node nonode@nohost
2020-04-16 16:52:37.678 [info] <0.43.0> Application phoenix_ecto started on node nonode@nohost
2020-04-16 16:52:37.797 [info] <0.43.0> Application genserv started on node nonode@nohost
2020-04-16 16:52:45.159 [info] <0.43.0> Application lager started on node nonode@nohost
2020-04-16 16:52:45.168 [info] <0.43.0> Application xmerl started on node nonode@nohost
2020-04-16 16:52:45.184 [info] <0.43.0> Application sasl started on node nonode@nohost
2020-04-16 16:52:45.190 [info] <0.43.0> Application tools started on node nonode@nohost
2020-04-16 16:52:45.194 [info] <0.43.0> Application jsx started on node nonode@nohost
2020-04-16 16:52:45.219 [info] <0.43.0> Application ranch started on node nonode@nohost
2020-04-16 16:52:45.223 [info] <0.43.0> Application recon started on node nonode@nohost
2020-04-16 16:52:45.275 [info] <0.43.0> Application credentials_obfuscation started on node nonode@nohost
2020-04-16 16:52:45.275 [info] <0.43.0> Application rabbit_common started on node nonode@nohost
2020-04-16 16:52:45.282 [info] <0.43.0> Application amqp_client started on node nonode@nohost
2020-04-16 16:52:45.284 [info] <0.43.0> Application amqp started on node nonode@nohost
2020-04-16 16:52:45.288 [info] <0.43.0> Application connection started on node nonode@nohost
2020-04-16 16:52:45.291 [info] <0.43.0> Application decimal started on node nonode@nohost
2020-04-16 16:52:45.305 [info] <0.43.0> Application db_connection started on node nonode@nohost
2020-04-16 16:52:45.322 [info] <0.43.0> Application postgrex started on node nonode@nohost
2020-04-16 16:52:45.337 [info] <0.43.0> Application ecto started on node nonode@nohost
2020-04-16 16:52:45.339 [info] <0.43.0> Application ecto_sql started on node nonode@nohost
2020-04-16 16:52:45.341 [info] <0.43.0> Application phoenix_html started on node nonode@nohost
2020-04-16 16:52:45.353 [info] <0.43.0> Application cowlib started on node nonode@nohost
2020-04-16 16:52:45.359 [info] <0.43.0> Application cowboy started on node nonode@nohost
2020-04-16 16:52:45.361 [info] <0.43.0> Application plug_cowboy started on node nonode@nohost
2020-04-16 16:52:45.369 [info] <0.43.0> Application phoenix_ecto started on node nonode@nohost
2020-04-16 16:52:45.491 [info] <0.43.0> Application genserv started on node nonode@nohost
2020-04-16 17:18:18.450 [info] <0.43.0> Application lager started on node nonode@nohost
2020-04-16 17:18:18.459 [info] <0.43.0> Application xmerl started on node nonode@nohost
2020-04-16 17:18:18.490 [info] <0.43.0> Application sasl started on node nonode@nohost
2020-04-16 17:18:18.500 [info] <0.43.0> Application tools started on node nonode@nohost
2020-04-16 17:18:18.506 [info] <0.43.0> Application jsx started on node nonode@nohost
2020-04-16 17:18:18.518 [info] <0.43.0> Application ranch started on node nonode@nohost
2020-04-16 17:18:18.527 [info] <0.43.0> Application recon started on node nonode@nohost
2020-04-16 17:18:18.566 [info] <0.43.0> Application credentials_obfuscation started on node nonode@nohost
2020-04-16 17:18:18.567 [info] <0.43.0> Application rabbit_common started on node nonode@nohost
2020-04-16 17:18:18.576 [info] <0.43.0> Application amqp_client started on node nonode@nohost
2020-04-16 17:18:18.576 [info] <0.43.0> Application amqp started on node nonode@nohost
2020-04-16 17:18:18.583 [info] <0.43.0> Application connection started on node nonode@nohost
2020-04-16 17:18:18.585 [info] <0.43.0> Application decimal started on node nonode@nohost
2020-04-16 17:18:18.600 [info] <0.43.0> Application db_connection started on node nonode@nohost
2020-04-16 17:18:18.642 [info] <0.43.0> Application postgrex started on node nonode@nohost
2020-04-16 17:18:18.666 [info] <0.43.0> Application ecto started on node nonode@nohost
2020-04-16 17:18:18.667 [info] <0.43.0> Application ecto_sql started on node nonode@nohost
2020-04-16 17:18:18.668 [info] <0.43.0> Application phoenix_html started on node nonode@nohost
2020-04-16 17:18:18.677 [info] <0.43.0> Application cowlib started on node nonode@nohost
2020-04-16 17:18:18.686 [info] <0.43.0> Application cowboy started on node nonode@nohost
2020-04-16 17:18:18.688 [info] <0.43.0> Application plug_cowboy started on node nonode@nohost
2020-04-16 17:18:18.699 [info] <0.43.0> Application file_system started on node nonode@nohost
2020-04-16 17:18:18.869 [info] <0.43.0> Application phoenix_live_reload started on node nonode@nohost
2020-04-16 17:18:18.893 [info] <0.43.0> Application phoenix_ecto started on node nonode@nohost
2020-04-16 17:18:18.996 [info] <0.43.0> Application genserv started on node nonode@nohost
2020-04-16 18:44:24.012 [error] <0.918.0> gen_server <0.918.0> terminated with reason: {socket_error,timeout}
2020-04-16 18:44:24.013 [error] <0.918.0> CRASH REPORT Process <0.918.0> with 0 neighbours exited with reason: {socket_error,timeout} in gen_server:handle_common_reply/8 line 751
2020-04-16 18:44:24.013 [error] <0.900.0> gen_server <0.900.0> terminated with reason: {socket_error,timeout}
2020-04-16 18:44:24.013 [error] <0.900.0> CRASH REPORT Process <0.900.0> with 0 neighbours exited with reason: {socket_error,timeout} in gen_server:handle_common_reply/8 line 751
2020-04-16 18:44:24.013 [error] <0.879.0> gen_server <0.879.0> terminated with reason: {socket_error,timeout}
2020-04-16 18:44:24.013 [error] <0.879.0> CRASH REPORT Process <0.879.0> with 0 neighbours exited with reason: {socket_error,timeout} in gen_server:handle_common_reply/8 line 751
2020-04-16 18:44:24.013 [error] <0.914.0> gen_server <0.914.0> terminated with reason: {socket_error,timeout}
2020-04-16 18:44:24.013 [error] <0.913.0> Supervisor {<0.913.0>,amqp_connection_type_sup} had child main_reader started with amqp_main_reader:start_link(#Port<0.1239>, <0.914.0>, <0.916.0>, {method,rabbit_framing_amqp_0_9_1}, <<"client 192.168.1.5:60374 -> 13.230.225.193:5672">>) at <0.918.0> exit with reason {socket_error,timeout} in context child_terminated
2020-04-16 18:44:24.013 [error] <0.874.0> Supervisor {<0.874.0>,amqp_connection_type_sup} had child main_reader started with amqp_main_reader:start_link(#Port<0.1236>, <0.875.0>, <0.877.0>, {method,rabbit_framing_amqp_0_9_1}, <<"client 192.168.1.5:60317 -> 13.230.225.193:5672">>) at <0.879.0> exit with reason {socket_error,timeout} in context child_terminated
2020-04-16 18:44:24.014 [error] <0.913.0> Supervisor {<0.913.0>,amqp_connection_type_sup} had child main_reader started with amqp_main_reader:start_link(#Port<0.1239>, <0.914.0>, <0.916.0>, {method,rabbit_framing_amqp_0_9_1}, <<"client 192.168.1.5:60374 -> 13.230.225.193:5672">>) at <0.918.0> exit with reason reached_max_restart_intensity in context shutdown
2020-04-16 18:44:24.014 [error] <0.874.0> Supervisor {<0.874.0>,amqp_connection_type_sup} had child main_reader started with amqp_main_reader:start_link(#Port<0.1236>, <0.875.0>, <0.877.0>, {method,rabbit_framing_amqp_0_9_1}, <<"client 192.168.1.5:60317 -> 13.230.225.193:5672">>) at <0.879.0> exit with reason reached_max_restart_intensity in context shutdown
2020-04-16 18:44:24.014 [error] <0.896.0> gen_server <0.896.0> terminated with reason: {socket_error,timeout}
2020-04-16 18:44:24.014 [error] <0.895.0> Supervisor {<0.895.0>,amqp_connection_type_sup} had child main_reader started with amqp_main_reader:start_link(#Port<0.1238>, <0.896.0>, <0.898.0>, {method,rabbit_framing_amqp_0_9_1}, <<"client 192.168.1.5:60360 -> 13.230.225.193:5672">>) at <0.900.0> exit with reason {socket_error,timeout} in context child_terminated
2020-04-16 18:44:24.014 [error] <0.895.0> Supervisor {<0.895.0>,amqp_connection_type_sup} had child main_reader started with amqp_main_reader:start_link(#Port<0.1238>, <0.896.0>, <0.898.0>, {method,rabbit_framing_amqp_0_9_1}, <<"client 192.168.1.5:60360 -> 13.230.225.193:5672">>) at <0.900.0> exit with reason reached_max_restart_intensity in context shutdown
2020-04-16 18:44:24.014 [error] <0.875.0> gen_server <0.875.0> terminated with reason: {socket_error,timeout}
2020-04-16 18:44:24.015 [error] <0.896.0> CRASH REPORT Process <0.896.0> with 0 neighbours exited with reason: {socket_error,timeout} in gen_server:handle_common_reply/8 line 751
2020-04-16 18:44:24.015 [error] <0.894.0> Supervisor {<0.894.0>,amqp_connection_sup} had child connection started with amqp_gen_connection:start_link(<0.895.0>, {amqp_params_network,<<"rabbitmq_dev">>,<<"bUhUhDnfb3+xe3XPgliW+cjcCAaC0z7f05Jvngkc+5kHIPfKyXMNsGB...">>,...}) at <0.896.0> exit with reason {socket_error,timeout} in context child_terminated
2020-04-16 18:44:24.015 [error] <0.894.0> Supervisor {<0.894.0>,amqp_connection_sup} had child connection started with amqp_gen_connection:start_link(<0.895.0>, {amqp_params_network,<<"rabbitmq_dev">>,<<"bUhUhDnfb3+xe3XPgliW+cjcCAaC0z7f05Jvngkc+5kHIPfKyXMNsGB...">>,...}) at <0.896.0> exit with reason reached_max_restart_intensity in context shutdown
2020-04-16 18:44:24.015 [error] <0.914.0> CRASH REPORT Process <0.914.0> with 0 neighbours exited with reason: {socket_error,timeout} in gen_server:handle_common_reply/8 line 751
2020-04-16 18:44:24.015 [error] <0.875.0> CRASH REPORT Process <0.875.0> with 0 neighbours exited with reason: {socket_error,timeout} in gen_server:handle_common_reply/8 line 751
2020-04-16 18:44:24.016 [error] <0.912.0> Supervisor {<0.912.0>,amqp_connection_sup} had child connection started with amqp_gen_connection:start_link(<0.913.0>, {amqp_params_network,<<"rabbitmq_dev">>,<<"y9Z0WJOMRFrSvMBYt1NtU1k99jStxyTOR/uvjmiNsJ9OlYSUM1nMR8d...">>,...}) at <0.914.0> exit with reason {socket_error,timeout} in context child_terminated
2020-04-16 18:44:24.016 [error] <0.912.0> Supervisor {<0.912.0>,amqp_connection_sup} had child connection started with amqp_gen_connection:start_link(<0.913.0>, {amqp_params_network,<<"rabbitmq_dev">>,<<"y9Z0WJOMRFrSvMBYt1NtU1k99jStxyTOR/uvjmiNsJ9OlYSUM1nMR8d...">>,...}) at <0.914.0> exit with reason reached_max_restart_intensity in context shutdown
2020-04-16 18:44:24.016 [error] <0.873.0> Supervisor {<0.873.0>,amqp_connection_sup} had child connection started with amqp_gen_connection:start_link(<0.874.0>, {amqp_params_network,<<"rabbitmq_dev">>,<<"Es+7WE1YXSGb7L97MGVWVlRntrhM0mxUeVxxFndzl0KROkr71TmpoT0...">>,...}) at <0.875.0> exit with reason {socket_error,timeout} in context child_terminated
2020-04-16 18:44:24.016 [error] <0.873.0> Supervisor {<0.873.0>,amqp_connection_sup} had child connection started with amqp_gen_connection:start_link(<0.874.0>, {amqp_params_network,<<"rabbitmq_dev">>,<<"Es+7WE1YXSGb7L97MGVWVlRntrhM0mxUeVxxFndzl0KROkr71TmpoT0...">>,...}) at <0.875.0> exit with reason reached_max_restart_intensity in context shutdown
2020-04-16 18:44:24.016 [error] <0.873.0> Supervisor {<0.873.0>,amqp_connection_sup} had child connection_type_sup started with amqp_connection_type_sup:start_link() at <0.874.0> exit with reason shutdown in context shutdown_error
2020-04-16 18:46:55.334 [info] <0.43.0> Application lager started on node nonode@nohost
2020-04-16 18:46:55.357 [info] <0.43.0> Application xmerl started on node nonode@nohost
2020-04-16 18:46:55.381 [info] <0.43.0> Application sasl started on node nonode@nohost
2020-04-16 18:46:55.388 [info] <0.43.0> Application tools started on node nonode@nohost
2020-04-16 18:46:55.392 [info] <0.43.0> Application jsx started on node nonode@nohost
2020-04-16 18:46:55.403 [info] <0.43.0> Application ranch started on node nonode@nohost
2020-04-16 18:46:55.411 [info] <0.43.0> Application recon started on node nonode@nohost
2020-04-16 18:46:55.446 [info] <0.43.0> Application credentials_obfuscation started on node nonode@nohost
2020-04-16 18:46:55.446 [info] <0.43.0> Application rabbit_common started on node nonode@nohost
2020-04-16 18:46:55.457 [info] <0.43.0> Application amqp_client started on node nonode@nohost
2020-04-16 18:46:55.461 [info] <0.43.0> Application amqp started on node nonode@nohost
2020-04-16 18:46:55.465 [info] <0.43.0> Application connection started on node nonode@nohost
2020-04-16 18:46:55.468 [info] <0.43.0> Application decimal started on node nonode@nohost
2020-04-16 18:46:55.481 [info] <0.43.0> Application db_connection started on node nonode@nohost
2020-04-16 18:46:55.497 [info] <0.43.0> Application postgrex started on node nonode@nohost
2020-04-16 18:46:55.506 [info] <0.43.0> Application ecto started on node nonode@nohost
2020-04-16 18:46:55.513 [info] <0.43.0> Application ecto_sql started on node nonode@nohost
2020-04-16 18:46:55.514 [info] <0.43.0> Application phoenix_html started on node nonode@nohost
2020-04-16 18:46:55.521 [info] <0.43.0> Application cowlib started on node nonode@nohost
2020-04-16 18:46:55.531 [info] <0.43.0> Application cowboy started on node nonode@nohost
2020-04-16 18:46:55.533 [info] <0.43.0> Application plug_cowboy started on node nonode@nohost
2020-04-16 18:46:55.539 [info] <0.43.0> Application file_system started on node nonode@nohost
2020-04-16 18:46:55.559 [info] <0.43.0> Application phoenix_live_reload started on node nonode@nohost
2020-04-16 18:46:55.563 [info] <0.43.0> Application phoenix_ecto started on node nonode@nohost
2020-04-16 18:46:55.636 [info] <0.43.0> Application genserv started on node nonode@nohost
2020-04-16 18:54:15.236 [error] <0.532.0> gen_server <0.532.0> terminated with reason: heartbeat_timeout
2020-04-16 18:54:15.237 [error] <0.532.0> CRASH REPORT Process <0.532.0> with 0 neighbours exited with reason: heartbeat_timeout in gen_server:handle_common_reply/8 line 751
2020-04-16 18:54:15.237 [error] <0.530.0> Supervisor {<0.530.0>,amqp_connection_sup} had child connection started with amqp_gen_connection:start_link(<0.531.0>, {amqp_params_network,<<"rabbitmq_dev">>,<<"vuX7q+MOrZk1Qa07J6np/OcTF93OSFKQtLGLtm6WZUaFfa1xZKNLkKu...">>,...}) at <0.532.0> exit with reason heartbeat_timeout in context child_terminated
2020-04-16 18:54:15.237 [error] <0.530.0> Supervisor {<0.530.0>,amqp_connection_sup} had child connection started with amqp_gen_connection:start_link(<0.531.0>, {amqp_params_network,<<"rabbitmq_dev">>,<<"vuX7q+MOrZk1Qa07J6np/OcTF93OSFKQtLGLtm6WZUaFfa1xZKNLkKu...">>,...}) at <0.532.0> exit with reason reached_max_restart_intensity in context shutdown
2020-04-16 18:55:09.801 [info] <0.43.0> Application lager started on node nonode@nohost
2020-04-16 18:55:09.808 [info] <0.43.0> Application xmerl started on node nonode@nohost
2020-04-16 18:55:09.826 [info] <0.43.0> Application sasl started on node nonode@nohost
2020-04-16 18:55:09.832 [info] <0.43.0> Application tools started on node nonode@nohost
2020-04-16 18:55:09.835 [info] <0.43.0> Application jsx started on node nonode@nohost
2020-04-16 18:55:09.847 [info] <0.43.0> Application ranch started on node nonode@nohost
2020-04-16 18:55:09.849 [info] <0.43.0> Application recon started on node nonode@nohost
2020-04-16 18:55:09.880 [info] <0.43.0> Application credentials_obfuscation started on node nonode@nohost
2020-04-16 18:55:09.880 [info] <0.43.0> Application rabbit_common started on node nonode@nohost
2020-04-16 18:55:09.890 [info] <0.43.0> Application amqp_client started on node nonode@nohost
2020-04-16 18:55:09.895 [info] <0.43.0> Application amqp started on node nonode@nohost
2020-04-16 18:55:09.898 [info] <0.43.0> Application connection started on node nonode@nohost
2020-04-16 18:55:09.901 [info] <0.43.0> Application decimal started on node nonode@nohost
2020-04-16 18:55:09.916 [info] <0.43.0> Application db_connection started on node nonode@nohost
2020-04-16 18:55:09.933 [info] <0.43.0> Application postgrex started on node nonode@nohost
2020-04-16 18:55:09.944 [info] <0.43.0> Application ecto started on node nonode@nohost
2020-04-16 18:55:09.946 [info] <0.43.0> Application ecto_sql started on node nonode@nohost
2020-04-16 18:55:09.948 [info] <0.43.0> Application phoenix_html started on node nonode@nohost
2020-04-16 18:55:09.953 [info] <0.43.0> Application cowlib started on node nonode@nohost
2020-04-16 18:55:09.962 [info] <0.43.0> Application cowboy started on node nonode@nohost
2020-04-16 18:55:09.964 [info] <0.43.0> Application plug_cowboy started on node nonode@nohost
2020-04-16 18:55:09.970 [info] <0.43.0> Application file_system started on node nonode@nohost
2020-04-16 18:55:09.993 [info] <0.43.0> Application phoenix_live_reload started on node nonode@nohost
2020-04-16 18:55:10.000 [info] <0.43.0> Application phoenix_ecto started on node nonode@nohost
2020-04-16 18:55:10.105 [info] <0.43.0> Application genserv started on node nonode@nohost
2020-04-16 19:00:45.070 [info] <0.43.0> Application lager started on node nonode@nohost
2020-04-16 19:00:45.077 [info] <0.43.0> Application xmerl started on node nonode@nohost
2020-04-16 19:00:45.096 [info] <0.43.0> Application sasl started on node nonode@nohost
2020-04-16 19:00:45.106 [info] <0.43.0> Application tools started on node nonode@nohost
2020-04-16 19:00:45.110 [info] <0.43.0> Application jsx started on node nonode@nohost
2020-04-16 19:00:45.125 [info] <0.43.0> Application ranch started on node nonode@nohost
2020-04-16 19:00:45.128 [info] <0.43.0> Application recon started on node nonode@nohost
2020-04-16 19:00:45.165 [info] <0.43.0> Application credentials_obfuscation started on node nonode@nohost
2020-04-16 19:00:45.165 [info] <0.43.0> Application rabbit_common started on node nonode@nohost
2020-04-16 19:00:45.179 [info] <0.43.0> Application amqp_client started on node nonode@nohost
2020-04-16 19:00:45.182 [info] <0.43.0> Application amqp started on node nonode@nohost
2020-04-16 19:00:45.191 [info] <0.43.0> Application connection started on node nonode@nohost
2020-04-16 19:00:45.200 [info] <0.43.0> Application decimal started on node nonode@nohost
2020-04-16 19:00:45.217 [info] <0.43.0> Application db_connection started on node nonode@nohost
2020-04-16 19:00:45.234 [info] <0.43.0> Application postgrex started on node nonode@nohost
2020-04-16 19:00:45.250 [info] <0.43.0> Application ecto started on node nonode@nohost
2020-04-16 19:00:45.253 [info] <0.43.0> Application ecto_sql started on node nonode@nohost
2020-04-16 19:00:45.257 [info] <0.43.0> Application phoenix_html started on node nonode@nohost
2020-04-16 19:00:45.262 [info] <0.43.0> Application cowlib started on node nonode@nohost
2020-04-16 19:00:45.273 [info] <0.43.0> Application cowboy started on node nonode@nohost
2020-04-16 19:00:45.275 [info] <0.43.0> Application plug_cowboy started on node nonode@nohost
2020-04-16 19:00:45.280 [info] <0.43.0> Application file_system started on node nonode@nohost
2020-04-16 19:00:45.301 [info] <0.43.0> Application phoenix_live_reload started on node nonode@nohost
2020-04-16 19:00:45.309 [info] <0.43.0> Application phoenix_ecto started on node nonode@nohost
2020-04-16 19:00:45.424 [info] <0.43.0> Application genserv started on node nonode@nohost
2020-04-16 19:05:13.598 [error] <0.426.0> gen_server <0.426.0> terminated with reason: heartbeat_timeout
2020-04-16 19:05:13.599 [error] <0.426.0> CRASH REPORT Process <0.426.0> with 0 neighbours exited with reason: heartbeat_timeout in gen_server:handle_common_reply/8 line 751
2020-04-16 19:05:13.599 [error] <0.424.0> Supervisor {<0.424.0>,amqp_connection_sup} had child connection started with amqp_gen_connection:start_link(<0.425.0>, {amqp_params_network,<<"rabbitmq_dev">>,<<"Lf5gkCgBoG21s8DJzR6bEhkZGKKCROHzj/kv0AufaeVSvGEzMN/ZJQd...">>,...}) at <0.426.0> exit with reason heartbeat_timeout in context child_terminated
2020-04-16 19:05:13.600 [error] <0.424.0> Supervisor {<0.424.0>,amqp_connection_sup} had child connection started with amqp_gen_connection:start_link(<0.425.0>, {amqp_params_network,<<"rabbitmq_dev">>,<<"Lf5gkCgBoG21s8DJzR6bEhkZGKKCROHzj/kv0AufaeVSvGEzMN/ZJQd...">>,...}) at <0.426.0> exit with reason reached_max_restart_intensity in context shutdown
2020-04-16 19:05:19.376 [error] <0.437.0> gen_server <0.437.0> terminated with reason: heartbeat_timeout
2020-04-16 19:05:19.378 [error] <0.437.0> CRASH REPORT Process <0.437.0> with 0 neighbours exited with reason: heartbeat_timeout in gen_server:handle_common_reply/8 line 751
2020-04-16 19:05:19.378 [error] <0.435.0> Supervisor {<0.435.0>,amqp_connection_sup} had child connection started with amqp_gen_connection:start_link(<0.436.0>, {amqp_params_network,<<"rabbitmq_dev">>,<<"y4g0DVj2nlJYZE63LoDf0354cUndmuZp91EwVF0Hlc3oWa4I01+ZGBh...">>,...}) at <0.437.0> exit with reason heartbeat_timeout in context child_terminated
2020-04-16 19:05:19.379 [error] <0.435.0> Supervisor {<0.435.0>,amqp_connection_sup} had child connection started with amqp_gen_connection:start_link(<0.436.0>, {amqp_params_network,<<"rabbitmq_dev">>,<<"y4g0DVj2nlJYZE63LoDf0354cUndmuZp91EwVF0Hlc3oWa4I01+ZGBh...">>,...}) at <0.437.0> exit with reason reached_max_restart_intensity in context shutdown
2020-04-16 19:39:49.813 [info] <0.43.0> Application lager started on node nonode@nohost
2020-04-16 19:39:49.822 [info] <0.43.0> Application xmerl started on node nonode@nohost
2020-04-16 19:39:49.845 [info] <0.43.0> Application sasl started on node nonode@nohost
2020-04-16 19:39:49.850 [info] <0.43.0> Application tools started on node nonode@nohost
2020-04-16 19:39:49.853 [info] <0.43.0> Application jsx started on node nonode@nohost
2020-04-16 19:39:49.860 [info] <0.43.0> Application ranch started on node nonode@nohost
2020-04-16 19:39:49.863 [info] <0.43.0> Application recon started on node nonode@nohost
2020-04-16 19:39:49.939 [info] <0.43.0> Application credentials_obfuscation started on node nonode@nohost
2020-04-16 19:39:49.940 [info] <0.43.0> Application rabbit_common started on node nonode@nohost
2020-04-16 19:39:49.963 [info] <0.43.0> Application amqp_client started on node nonode@nohost
2020-04-16 19:39:49.973 [info] <0.43.0> Application amqp started on node nonode@nohost
2020-04-16 19:39:50.011 [info] <0.43.0> Application connection started on node nonode@nohost
2020-04-16 19:39:50.016 [info] <0.43.0> Application decimal started on node nonode@nohost
2020-04-16 19:39:50.098 [info] <0.43.0> Application db_connection started on node nonode@nohost
2020-04-16 19:39:50.130 [info] <0.43.0> Application postgrex started on node nonode@nohost
2020-04-16 19:39:50.137 [info] <0.43.0> Application ecto started on node nonode@nohost
2020-04-16 19:39:50.139 [info] <0.43.0> Application ecto_sql started on node nonode@nohost
2020-04-16 19:39:50.140 [info] <0.43.0> Application phoenix_html started on node nonode@nohost
2020-04-16 19:39:50.146 [info] <0.43.0> Application cowlib started on node nonode@nohost
2020-04-16 19:39:50.154 [info] <0.43.0> Application cowboy started on node nonode@nohost
2020-04-16 19:39:50.158 [info] <0.43.0> Application plug_cowboy started on node nonode@nohost
2020-04-16 19:39:50.163 [info] <0.43.0> Application file_system started on node nonode@nohost
2020-04-16 19:39:50.178 [info] <0.43.0> Application phoenix_live_reload started on node nonode@nohost
2020-04-16 19:39:50.180 [info] <0.43.0> Application phoenix_ecto started on node nonode@nohost
2020-04-16 19:39:50.367 [info] <0.43.0> Application genserv started on node nonode@nohost
2020-04-16 19:45:00.502 [info] <0.43.0> Application lager started on node nonode@nohost
2020-04-16 19:45:00.509 [info] <0.43.0> Application xmerl started on node nonode@nohost
2020-04-16 19:45:00.530 [info] <0.43.0> Application sasl started on node nonode@nohost
2020-04-16 19:45:00.534 [info] <0.43.0> Application tools started on node nonode@nohost
2020-04-16 19:45:00.537 [info] <0.43.0> Application jsx started on node nonode@nohost
2020-04-16 19:45:00.548 [info] <0.43.0> Application ranch started on node nonode@nohost
2020-04-16 19:45:00.551 [info] <0.43.0> Application recon started on node nonode@nohost
2020-04-16 19:45:00.591 [info] <0.43.0> Application credentials_obfuscation started on node nonode@nohost
2020-04-16 19:45:00.591 [info] <0.43.0> Application rabbit_common started on node nonode@nohost
2020-04-16 19:45:00.599 [info] <0.43.0> Application amqp_client started on node nonode@nohost
2020-04-16 19:45:00.603 [info] <0.43.0> Application amqp started on node nonode@nohost
2020-04-16 19:45:00.609 [info] <0.43.0> Application connection started on node nonode@nohost
2020-04-16 19:45:00.612 [info] <0.43.0> Application decimal started on node nonode@nohost
2020-04-16 19:45:00.622 [info] <0.43.0> Application db_connection started on node nonode@nohost
2020-04-16 19:45:00.634 [info] <0.43.0> Application postgrex started on node nonode@nohost
2020-04-16 19:45:00.644 [info] <0.43.0> Application ecto started on node nonode@nohost
2020-04-16 19:45:00.647 [info] <0.43.0> Application ecto_sql started on node nonode@nohost
2020-04-16 19:45:00.648 [info] <0.43.0> Application phoenix_html started on node nonode@nohost
2020-04-16 19:45:00.660 [info] <0.43.0> Application cowlib started on node nonode@nohost
2020-04-16 19:45:00.665 [info] <0.43.0> Application cowboy started on node nonode@nohost
2020-04-16 19:45:00.666 [info] <0.43.0> Application plug_cowboy started on node nonode@nohost
2020-04-16 19:45:00.671 [info] <0.43.0> Application file_system started on node nonode@nohost
2020-04-16 19:45:00.687 [info] <0.43.0> Application phoenix_live_reload started on node nonode@nohost
2020-04-16 19:45:00.695 [info] <0.43.0> Application phoenix_ecto started on node nonode@nohost
2020-04-16 19:45:00.809 [info] <0.43.0> Application genserv started on node nonode@nohost
2020-04-16 19:48:15.785 [info] <0.43.0> Application lager started on node nonode@nohost
2020-04-16 19:48:15.791 [info] <0.43.0> Application xmerl started on node nonode@nohost
2020-04-16 19:48:15.806 [info] <0.43.0> Application sasl started on node nonode@nohost
2020-04-16 19:48:15.815 [info] <0.43.0> Application tools started on node nonode@nohost
2020-04-16 19:48:15.819 [info] <0.43.0> Application jsx started on node nonode@nohost
2020-04-16 19:48:15.830 [info] <0.43.0> Application ranch started on node nonode@nohost
2020-04-16 19:48:15.835 [info] <0.43.0> Application recon started on node nonode@nohost
2020-04-16 19:48:15.876 [info] <0.43.0> Application credentials_obfuscation started on node nonode@nohost
2020-04-16 19:48:15.877 [info] <0.43.0> Application rabbit_common started on node nonode@nohost
2020-04-16 19:48:15.888 [info] <0.43.0> Application amqp_client started on node nonode@nohost
2020-04-16 19:48:15.890 [info] <0.43.0> Application amqp started on node nonode@nohost
2020-04-16 19:48:15.901 [info] <0.43.0> Application connection started on node nonode@nohost
2020-04-16 19:48:15.905 [info] <0.43.0> Application decimal started on node nonode@nohost
2020-04-16 19:48:15.921 [info] <0.43.0> Application db_connection started on node nonode@nohost
2020-04-16 19:48:15.938 [info] <0.43.0> Application postgrex started on node nonode@nohost
2020-04-16 19:48:15.946 [info] <0.43.0> Application ecto started on node nonode@nohost
2020-04-16 19:48:15.951 [info] <0.43.0> Application ecto_sql started on node nonode@nohost
2020-04-16 19:48:15.953 [info] <0.43.0> Application phoenix_html started on node nonode@nohost
2020-04-16 19:48:15.957 [info] <0.43.0> Application cowlib started on node nonode@nohost
2020-04-16 19:48:15.964 [info] <0.43.0> Application cowboy started on node nonode@nohost
2020-04-16 19:48:15.967 [info] <0.43.0> Application plug_cowboy started on node nonode@nohost
2020-04-16 19:48:15.971 [info] <0.43.0> Application file_system started on node nonode@nohost
2020-04-16 19:48:16.041 [info] <0.43.0> Application phoenix_live_reload started on node nonode@nohost
2020-04-16 19:48:16.043 [info] <0.43.0> Application phoenix_ecto started on node nonode@nohost
2020-04-16 19:48:16.141 [info] <0.43.0> Application genserv started on node nonode@nohost
2020-04-16 19:49:21.934 [info] <0.43.0> Application lager started on node nonode@nohost
2020-04-16 19:49:21.941 [info] <0.43.0> Application xmerl started on node nonode@nohost
2020-04-16 19:49:21.957 [info] <0.43.0> Application sasl started on node nonode@nohost
2020-04-16 19:49:21.962 [info] <0.43.0> Application tools started on node nonode@nohost
2020-04-16 19:49:21.967 [info] <0.43.0> Application jsx started on node nonode@nohost
2020-04-16 19:49:21.976 [info] <0.43.0> Application ranch started on node nonode@nohost
2020-04-16 19:49:21.983 [info] <0.43.0> Application recon started on node nonode@nohost
2020-04-16 19:49:22.044 [info] <0.43.0> Application credentials_obfuscation started on node nonode@nohost
2020-04-16 19:49:22.044 [info] <0.43.0> Application rabbit_common started on node nonode@nohost
2020-04-16 19:49:22.050 [info] <0.43.0> Application amqp_client started on node nonode@nohost
2020-04-16 19:49:22.052 [info] <0.43.0> Application amqp started on node nonode@nohost
2020-04-16 19:49:22.056 [info] <0.43.0> Application connection started on node nonode@nohost
2020-04-16 19:49:22.058 [info] <0.43.0> Application decimal started on node nonode@nohost
2020-04-16 19:49:22.069 [info] <0.43.0> Application db_connection started on node nonode@nohost
2020-04-16 19:49:22.077 [info] <0.43.0> Application postgrex started on node nonode@nohost
2020-04-16 19:49:22.085 [info] <0.43.0> Application ecto started on node nonode@nohost
2020-04-16 19:49:22.090 [info] <0.43.0> Application ecto_sql started on node nonode@nohost
2020-04-16 19:49:22.091 [info] <0.43.0> Application phoenix_html started on node nonode@nohost
2020-04-16 19:49:22.101 [info] <0.43.0> Application cowlib started on node nonode@nohost
2020-04-16 19:49:22.112 [info] <0.43.0> Application cowboy started on node nonode@nohost
2020-04-16 19:49:22.113 [info] <0.43.0> Application plug_cowboy started on node nonode@nohost
2020-04-16 19:49:22.122 [info] <0.43.0> Application file_system started on node nonode@nohost
2020-04-16 19:49:22.137 [info] <0.43.0> Application phoenix_live_reload started on node nonode@nohost
2020-04-16 19:49:22.161 [info] <0.43.0> Application phoenix_ecto started on node nonode@nohost
2020-04-16 19:49:22.265 [info] <0.43.0> Application genserv started on node nonode@nohost
2020-04-16 19:49:50.618 [info] <0.43.0> Application lager started on node nonode@nohost
2020-04-16 19:49:50.624 [info] <0.43.0> Application xmerl started on node nonode@nohost
2020-04-16 19:49:50.638 [info] <0.43.0> Application sasl started on node nonode@nohost
2020-04-16 19:49:50.645 [info] <0.43.0> Application tools started on node nonode@nohost
2020-04-16 19:49:50.648 [info] <0.43.0> Application jsx started on node nonode@nohost
2020-04-16 19:49:50.654 [info] <0.43.0> Application ranch started on node nonode@nohost
2020-04-16 19:49:50.659 [info] <0.43.0> Application recon started on node nonode@nohost
2020-04-16 19:49:50.690 [info] <0.43.0> Application credentials_obfuscation started on node nonode@nohost
2020-04-16 19:49:50.690 [info] <0.43.0> Application rabbit_common started on node nonode@nohost
2020-04-16 19:49:50.702 [info] <0.43.0> Application amqp_client started on node nonode@nohost
2020-04-16 19:49:50.705 [info] <0.43.0> Application amqp started on node nonode@nohost
2020-04-16 19:49:50.715 [info] <0.43.0> Application connection started on node nonode@nohost
2020-04-16 19:49:50.719 [info] <0.43.0> Application decimal started on node nonode@nohost
2020-04-16 19:49:50.732 [info] <0.43.0> Application db_connection started on node nonode@nohost
2020-04-16 19:49:50.746 [info] <0.43.0> Application postgrex started on node nonode@nohost
2020-04-16 19:49:50.753 [info] <0.43.0> Application ecto started on node nonode@nohost
2020-04-16 19:49:50.754 [info] <0.43.0> Application ecto_sql started on node nonode@nohost
2020-04-16 19:49:50.755 [info] <0.43.0> Application phoenix_html started on node nonode@nohost
2020-04-16 19:49:50.765 [info] <0.43.0> Application cowlib started on node nonode@nohost
2020-04-16 19:49:50.768 [info] <0.43.0> Application cowboy started on node nonode@nohost
2020-04-16 19:49:50.771 [info] <0.43.0> Application plug_cowboy started on node nonode@nohost
2020-04-16 19:49:50.782 [info] <0.43.0> Application file_system started on node nonode@nohost
2020-04-16 19:49:50.799 [info] <0.43.0> Application phoenix_live_reload started on node nonode@nohost
2020-04-16 19:49:50.801 [info] <0.43.0> Application phoenix_ecto started on node nonode@nohost
2020-04-16 19:49:50.896 [info] <0.43.0> Application genserv started on node nonode@nohost
2020-04-16 19:52:47.141 [info] <0.43.0> Application lager started on node nonode@nohost
2020-04-16 19:52:47.147 [info] <0.43.0> Application xmerl started on node nonode@nohost
2020-04-16 19:52:47.166 [info] <0.43.0> Application sasl started on node nonode@nohost
2020-04-16 19:52:47.177 [info] <0.43.0> Application tools started on node nonode@nohost
2020-04-16 19:52:47.180 [info] <0.43.0> Application jsx started on node nonode@nohost
2020-04-16 19:52:47.192 [info] <0.43.0> Application ranch started on node nonode@nohost
2020-04-16 19:52:47.195 [info] <0.43.0> Application recon started on node nonode@nohost
2020-04-16 19:52:47.228 [info] <0.43.0> Application credentials_obfuscation started on node nonode@nohost
2020-04-16 19:52:47.229 [info] <0.43.0> Application rabbit_common started on node nonode@nohost
2020-04-16 19:52:47.239 [info] <0.43.0> Application amqp_client started on node nonode@nohost
2020-04-16 19:52:47.242 [info] <0.43.0> Application amqp started on node nonode@nohost
2020-04-16 19:52:47.246 [info] <0.43.0> Application connection started on node nonode@nohost
2020-04-16 19:52:47.249 [info] <0.43.0> Application decimal started on node nonode@nohost
2020-04-16 19:52:47.260 [info] <0.43.0> Application db_connection started on node nonode@nohost
2020-04-16 19:52:47.277 [info] <0.43.0> Application postgrex started on node nonode@nohost
2020-04-16 19:52:47.289 [info] <0.43.0> Application ecto started on node nonode@nohost
2020-04-16 19:52:47.291 [info] <0.43.0> Application ecto_sql started on node nonode@nohost
2020-04-16 19:52:47.295 [info] <0.43.0> Application phoenix_html started on node nonode@nohost
2020-04-16 19:52:47.308 [info] <0.43.0> Application cowlib started on node nonode@nohost
2020-04-16 19:52:47.314 [info] <0.43.0> Application cowboy started on node nonode@nohost
2020-04-16 19:52:47.317 [info] <0.43.0> Application plug_cowboy started on node nonode@nohost
2020-04-16 19:52:47.328 [info] <0.43.0> Application file_system started on node nonode@nohost
2020-04-16 19:52:47.350 [info] <0.43.0> Application phoenix_live_reload started on node nonode@nohost
2020-04-16 19:52:47.354 [info] <0.43.0> Application phoenix_ecto started on node nonode@nohost
2020-04-16 19:52:47.465 [info] <0.43.0> Application genserv started on node nonode@nohost
2020-04-16 19:55:25.030 [info] <0.43.0> Application lager started on node nonode@nohost
2020-04-16 19:55:25.037 [info] <0.43.0> Application xmerl started on node nonode@nohost
2020-04-16 19:55:25.055 [info] <0.43.0> Application sasl started on node nonode@nohost
2020-04-16 19:55:25.061 [info] <0.43.0> Application tools started on node nonode@nohost
2020-04-16 19:55:25.064 [info] <0.43.0> Application jsx started on node nonode@nohost
2020-04-16 19:55:25.074 [info] <0.43.0> Application ranch started on node nonode@nohost
2020-04-16 19:55:25.077 [info] <0.43.0> Application recon started on node nonode@nohost
2020-04-16 19:55:25.108 [info] <0.43.0> Application credentials_obfuscation started on node nonode@nohost
2020-04-16 19:55:25.108 [info] <0.43.0> Application rabbit_common started on node nonode@nohost
2020-04-16 19:55:25.120 [info] <0.43.0> Application amqp_client started on node nonode@nohost
2020-04-16 19:55:25.123 [info] <0.43.0> Application amqp started on node nonode@nohost
2020-04-16 19:55:25.132 [info] <0.43.0> Application connection started on node nonode@nohost
2020-04-16 19:55:25.136 [info] <0.43.0> Application decimal started on node nonode@nohost
2020-04-16 19:55:25.148 [info] <0.43.0> Application db_connection started on node nonode@nohost
2020-04-16 19:55:25.164 [info] <0.43.0> Application postgrex started on node nonode@nohost
2020-04-16 19:55:25.171 [info] <0.43.0> Application ecto started on node nonode@nohost
2020-04-16 19:55:25.174 [info] <0.43.0> Application ecto_sql started on node nonode@nohost
2020-04-16 19:55:25.179 [info] <0.43.0> Application phoenix_html started on node nonode@nohost
2020-04-16 19:55:25.184 [info] <0.43.0> Application cowlib started on node nonode@nohost
2020-04-16 19:55:25.190 [info] <0.43.0> Application cowboy started on node nonode@nohost
2020-04-16 19:55:25.192 [info] <0.43.0> Application plug_cowboy started on node nonode@nohost
2020-04-16 19:55:25.201 [info] <0.43.0> Application file_system started on node nonode@nohost
2020-04-16 19:55:25.266 [info] <0.43.0> Application phoenix_live_reload started on node nonode@nohost
2020-04-16 19:55:25.268 [info] <0.43.0> Application phoenix_ecto started on node nonode@nohost
2020-04-16 19:55:25.365 [info] <0.43.0> Application genserv started on node nonode@nohost
2020-04-16 19:56:49.155 [info] <0.43.0> Application lager started on node nonode@nohost
2020-04-16 19:56:49.162 [info] <0.43.0> Application xmerl started on node nonode@nohost
2020-04-16 19:56:49.177 [info] <0.43.0> Application sasl started on node nonode@nohost
2020-04-16 19:56:49.182 [info] <0.43.0> Application tools started on node nonode@nohost
2020-04-16 19:56:49.184 [info] <0.43.0> Application jsx started on node nonode@nohost
2020-04-16 19:56:49.191 [info] <0.43.0> Application ranch started on node nonode@nohost
2020-04-16 19:56:49.194 [info] <0.43.0> Application recon started on node nonode@nohost
2020-04-16 19:56:49.235 [info] <0.43.0> Application credentials_obfuscation started on node nonode@nohost
2020-04-16 19:56:49.235 [info] <0.43.0> Application rabbit_common started on node nonode@nohost
2020-04-16 19:56:49.247 [info] <0.43.0> Application amqp_client started on node nonode@nohost
2020-04-16 19:56:49.250 [info] <0.43.0> Application amqp started on node nonode@nohost
2020-04-16 19:56:49.253 [info] <0.43.0> Application connection started on node nonode@nohost
2020-04-16 19:56:49.256 [info] <0.43.0> Application decimal started on node nonode@nohost
2020-04-16 19:56:49.270 [info] <0.43.0> Application db_connection started on node nonode@nohost
2020-04-16 19:56:49.291 [info] <0.43.0> Application postgrex started on node nonode@nohost
2020-04-16 19:56:49.297 [info] <0.43.0> Application ecto started on node nonode@nohost
2020-04-16 19:56:49.298 [info] <0.43.0> Application ecto_sql started on node nonode@nohost
2020-04-16 19:56:49.299 [info] <0.43.0> Application phoenix_html started on node nonode@nohost
2020-04-16 19:56:49.306 [info] <0.43.0> Application cowlib started on node nonode@nohost
2020-04-16 19:56:49.323 [info] <0.43.0> Application cowboy started on node nonode@nohost
2020-04-16 19:56:49.326 [info] <0.43.0> Application plug_cowboy started on node nonode@nohost
2020-04-16 19:56:49.330 [info] <0.43.0> Application file_system started on node nonode@nohost
2020-04-16 19:56:49.345 [info] <0.43.0> Application phoenix_live_reload started on node nonode@nohost
2020-04-16 19:56:49.349 [info] <0.43.0> Application phoenix_ecto started on node nonode@nohost
2020-04-16 19:56:49.470 [info] <0.43.0> Application genserv started on node nonode@nohost
2020-04-16 20:00:42.877 [info] <0.43.0> Application lager started on node nonode@nohost
2020-04-16 20:00:42.884 [info] <0.43.0> Application xmerl started on node nonode@nohost
2020-04-16 20:00:42.904 [info] <0.43.0> Application sasl started on node nonode@nohost
2020-04-16 20:00:42.910 [info] <0.43.0> Application tools started on node nonode@nohost
2020-04-16 20:00:42.912 [info] <0.43.0> Application jsx started on node nonode@nohost
2020-04-16 20:00:42.922 [info] <0.43.0> Application ranch started on node nonode@nohost
2020-04-16 20:00:42.925 [info] <0.43.0> Application recon started on node nonode@nohost
2020-04-16 20:00:42.954 [info] <0.43.0> Application credentials_obfuscation started on node nonode@nohost
2020-04-16 20:00:42.954 [info] <0.43.0> Application rabbit_common started on node nonode@nohost
2020-04-16 20:00:42.964 [info] <0.43.0> Application amqp_client started on node nonode@nohost
2020-04-16 20:00:42.967 [info] <0.43.0> Application amqp started on node nonode@nohost
2020-04-16 20:00:42.976 [info] <0.43.0> Application connection started on node nonode@nohost
2020-04-16 20:00:42.979 [info] <0.43.0> Application decimal started on node nonode@nohost
2020-04-16 20:00:42.992 [info] <0.43.0> Application db_connection started on node nonode@nohost
2020-04-16 20:00:43.007 [info] <0.43.0> Application postgrex started on node nonode@nohost
2020-04-16 20:00:43.015 [info] <0.43.0> Application ecto started on node nonode@nohost
2020-04-16 20:00:43.017 [info] <0.43.0> Application ecto_sql started on node nonode@nohost
2020-04-16 20:00:43.018 [info] <0.43.0> Application phoenix_html started on node nonode@nohost
2020-04-16 20:00:43.027 [info] <0.43.0> Application cowlib started on node nonode@nohost
2020-04-16 20:00:43.032 [info] <0.43.0> Application cowboy started on node nonode@nohost
2020-04-16 20:00:43.035 [info] <0.43.0> Application plug_cowboy started on node nonode@nohost
2020-04-16 20:00:43.042 [info] <0.43.0> Application file_system started on node nonode@nohost
2020-04-16 20:00:43.063 [info] <0.43.0> Application phoenix_live_reload started on node nonode@nohost
2020-04-16 20:00:43.075 [info] <0.43.0> Application phoenix_ecto started on node nonode@nohost
2020-04-16 20:00:43.206 [info] <0.43.0> Application genserv started on node nonode@nohost
2020-04-16 20:01:36.683 [info] <0.43.0> Application lager started on node nonode@nohost
2020-04-16 20:01:36.689 [info] <0.43.0> Application xmerl started on node nonode@nohost
2020-04-16 20:01:36.701 [info] <0.43.0> Application sasl started on node nonode@nohost
2020-04-16 20:01:36.708 [info] <0.43.0> Application tools started on node nonode@nohost
2020-04-16 20:01:36.710 [info] <0.43.0> Application jsx started on node nonode@nohost
2020-04-16 20:01:36.720 [info] <0.43.0> Application ranch started on node nonode@nohost
2020-04-16 20:01:36.725 [info] <0.43.0> Application recon started on node nonode@nohost
2020-04-16 20:01:36.759 [info] <0.43.0> Application credentials_obfuscation started on node nonode@nohost
2020-04-16 20:01:36.759 [info] <0.43.0> Application rabbit_common started on node nonode@nohost
2020-04-16 20:01:36.767 [info] <0.43.0> Application amqp_client started on node nonode@nohost
2020-04-16 20:01:36.770 [info] <0.43.0> Application amqp started on node nonode@nohost
2020-04-16 20:01:36.775 [info] <0.43.0> Application connection started on node nonode@nohost
2020-04-16 20:01:36.778 [info] <0.43.0> Application decimal started on node nonode@nohost
2020-04-16 20:01:36.788 [info] <0.43.0> Application db_connection started on node nonode@nohost
2020-04-16 20:01:36.797 [info] <0.43.0> Application postgrex started on node nonode@nohost
2020-04-16 20:01:36.804 [info] <0.43.0> Application ecto started on node nonode@nohost
2020-04-16 20:01:36.806 [info] <0.43.0> Application ecto_sql started on node nonode@nohost
2020-04-16 20:01:36.807 [info] <0.43.0> Application phoenix_html started on node nonode@nohost
2020-04-16 20:01:36.813 [info] <0.43.0> Application cowlib started on node nonode@nohost
2020-04-16 20:01:36.816 [info] <0.43.0> Application cowboy started on node nonode@nohost
2020-04-16 20:01:36.818 [info] <0.43.0> Application plug_cowboy started on node nonode@nohost
2020-04-16 20:01:36.824 [info] <0.43.0> Application file_system started on node nonode@nohost
2020-04-16 20:01:36.835 [info] <0.43.0> Application phoenix_live_reload started on node nonode@nohost
2020-04-16 20:01:36.837 [info] <0.43.0> Application phoenix_ecto started on node nonode@nohost
2020-04-16 20:01:36.930 [info] <0.43.0> Application genserv started on node nonode@nohost
2020-04-16 20:02:23.932 [info] <0.43.0> Application lager started on node nonode@nohost
2020-04-16 20:02:23.939 [info] <0.43.0> Application xmerl started on node nonode@nohost
2020-04-16 20:02:23.957 [info] <0.43.0> Application sasl started on node nonode@nohost
2020-04-16 20:02:23.963 [info] <0.43.0> Application tools started on node nonode@nohost
2020-04-16 20:02:23.967 [info] <0.43.0> Application jsx started on node nonode@nohost
2020-04-16 20:02:23.979 [info] <0.43.0> Application ranch started on node nonode@nohost
2020-04-16 20:02:23.981 [info] <0.43.0> Application recon started on node nonode@nohost
2020-04-16 20:02:24.028 [info] <0.43.0> Application credentials_obfuscation started on node nonode@nohost
2020-04-16 20:02:24.029 [info] <0.43.0> Application rabbit_common started on node nonode@nohost
2020-04-16 20:02:24.037 [info] <0.43.0> Application amqp_client started on node nonode@nohost
2020-04-16 20:02:24.040 [info] <0.43.0> Application amqp started on node nonode@nohost
2020-04-16 20:02:24.048 [info] <0.43.0> Application connection started on node nonode@nohost
2020-04-16 20:02:24.052 [info] <0.43.0> Application decimal started on node nonode@nohost
2020-04-16 20:02:24.067 [info] <0.43.0> Application db_connection started on node nonode@nohost
2020-04-16 20:02:24.080 [info] <0.43.0> Application postgrex started on node nonode@nohost
2020-04-16 20:02:24.091 [info] <0.43.0> Application ecto started on node nonode@nohost
2020-04-16 20:02:24.096 [info] <0.43.0> Application ecto_sql started on node nonode@nohost
2020-04-16 20:02:24.097 [info] <0.43.0> Application phoenix_html started on node nonode@nohost
2020-04-16 20:02:24.104 [info] <0.43.0> Application cowlib started on node nonode@nohost
2020-04-16 20:02:24.109 [info] <0.43.0> Application cowboy started on node nonode@nohost
2020-04-16 20:02:24.112 [info] <0.43.0> Application plug_cowboy started on node nonode@nohost
2020-04-16 20:02:24.128 [info] <0.43.0> Application file_system started on node nonode@nohost
2020-04-16 20:02:24.145 [info] <0.43.0> Application phoenix_live_reload started on node nonode@nohost
2020-04-16 20:02:24.147 [info] <0.43.0> Application phoenix_ecto started on node nonode@nohost
2020-04-16 20:02:24.279 [info] <0.43.0> Application genserv started on node nonode@nohost
2020-04-16 20:03:10.149 [info] <0.43.0> Application lager started on node nonode@nohost
2020-04-16 20:03:10.154 [info] <0.43.0> Application xmerl started on node nonode@nohost
2020-04-16 20:03:10.168 [info] <0.43.0> Application sasl started on node nonode@nohost
2020-04-16 20:03:10.173 [info] <0.43.0> Application tools started on node nonode@nohost
2020-04-16 20:03:10.176 [info] <0.43.0> Application jsx started on node nonode@nohost
2020-04-16 20:03:10.181 [info] <0.43.0> Application ranch started on node nonode@nohost
2020-04-16 20:03:10.185 [info] <0.43.0> Application recon started on node nonode@nohost
2020-04-16 20:03:10.218 [info] <0.43.0> Application credentials_obfuscation started on node nonode@nohost
2020-04-16 20:03:10.218 [info] <0.43.0> Application rabbit_common started on node nonode@nohost
2020-04-16 20:03:10.227 [info] <0.43.0> Application amqp_client started on node nonode@nohost
2020-04-16 20:03:10.229 [info] <0.43.0> Application amqp started on node nonode@nohost
2020-04-16 20:03:10.233 [info] <0.43.0> Application connection started on node nonode@nohost
2020-04-16 20:03:10.236 [info] <0.43.0> Application decimal started on node nonode@nohost
2020-04-16 20:03:10.248 [info] <0.43.0> Application db_connection started on node nonode@nohost
2020-04-16 20:03:10.262 [info] <0.43.0> Application postgrex started on node nonode@nohost
2020-04-16 20:03:10.269 [info] <0.43.0> Application ecto started on node nonode@nohost
2020-04-16 20:03:10.271 [info] <0.43.0> Application ecto_sql started on node nonode@nohost
2020-04-16 20:03:10.272 [info] <0.43.0> Application phoenix_html started on node nonode@nohost
2020-04-16 20:03:10.281 [info] <0.43.0> Application cowlib started on node nonode@nohost
2020-04-16 20:03:10.285 [info] <0.43.0> Application cowboy started on node nonode@nohost
2020-04-16 20:03:10.287 [info] <0.43.0> Application plug_cowboy started on node nonode@nohost
2020-04-16 20:03:10.295 [info] <0.43.0> Application file_system started on node nonode@nohost
2020-04-16 20:03:10.313 [info] <0.43.0> Application phoenix_live_reload started on node nonode@nohost
2020-04-16 20:03:10.316 [info] <0.43.0> Application phoenix_ecto started on node nonode@nohost
2020-04-16 20:03:10.421 [info] <0.43.0> Application genserv started on node nonode@nohost
2020-04-16 20:04:09.284 [info] <0.43.0> Application lager started on node nonode@nohost
2020-04-16 20:04:09.291 [info] <0.43.0> Application xmerl started on node nonode@nohost
2020-04-16 20:04:09.307 [info] <0.43.0> Application sasl started on node nonode@nohost
2020-04-16 20:04:09.315 [info] <0.43.0> Application tools started on node nonode@nohost
2020-04-16 20:04:09.319 [info] <0.43.0> Application jsx started on node nonode@nohost
2020-04-16 20:04:09.326 [info] <0.43.0> Application ranch started on node nonode@nohost
2020-04-16 20:04:09.333 [info] <0.43.0> Application recon started on node nonode@nohost
2020-04-16 20:04:09.367 [info] <0.43.0> Application credentials_obfuscation started on node nonode@nohost
2020-04-16 20:04:09.367 [info] <0.43.0> Application rabbit_common started on node nonode@nohost
2020-04-16 20:04:09.375 [info] <0.43.0> Application amqp_client started on node nonode@nohost
2020-04-16 20:04:09.380 [info] <0.43.0> Application amqp started on node nonode@nohost
2020-04-16 20:04:09.386 [info] <0.43.0> Application connection started on node nonode@nohost
2020-04-16 20:04:09.389 [info] <0.43.0> Application decimal started on node nonode@nohost
2020-04-16 20:04:09.408 [info] <0.43.0> Application db_connection started on node nonode@nohost
2020-04-16 20:04:09.422 [info] <0.43.0> Application postgrex started on node nonode@nohost
2020-04-16 20:04:09.432 [info] <0.43.0> Application ecto started on node nonode@nohost
2020-04-16 20:04:09.435 [info] <0.43.0> Application ecto_sql started on node nonode@nohost
2020-04-16 20:04:09.437 [info] <0.43.0> Application phoenix_html started on node nonode@nohost
2020-04-16 20:04:09.441 [info] <0.43.0> Application cowlib started on node nonode@nohost
2020-04-16 20:04:09.448 [info] <0.43.0> Application cowboy started on node nonode@nohost
2020-04-16 20:04:09.450 [info] <0.43.0> Application plug_cowboy started on node nonode@nohost
2020-04-16 20:04:09.455 [info] <0.43.0> Application file_system started on node nonode@nohost
2020-04-16 20:04:09.471 [info] <0.43.0> Application phoenix_live_reload started on node nonode@nohost
2020-04-16 20:04:09.473 [info] <0.43.0> Application phoenix_ecto started on node nonode@nohost
2020-04-16 20:04:09.575 [info] <0.43.0> Application genserv started on node nonode@nohost
2020-04-16 20:05:25.883 [info] <0.43.0> Application lager started on node nonode@nohost
2020-04-16 20:05:25.889 [info] <0.43.0> Application xmerl started on node nonode@nohost
2020-04-16 20:05:25.917 [info] <0.43.0> Application sasl started on node nonode@nohost
2020-04-16 20:05:25.927 [info] <0.43.0> Application tools started on node nonode@nohost
2020-04-16 20:05:25.931 [info] <0.43.0> Application jsx started on node nonode@nohost
2020-04-16 20:05:25.943 [info] <0.43.0> Application ranch started on node nonode@nohost
2020-04-16 20:05:25.948 [info] <0.43.0> Application recon started on node nonode@nohost
2020-04-16 20:05:25.982 [info] <0.43.0> Application credentials_obfuscation started on node nonode@nohost
2020-04-16 20:05:25.982 [info] <0.43.0> Application rabbit_common started on node nonode@nohost
2020-04-16 20:05:26.014 [info] <0.43.0> Application amqp_client started on node nonode@nohost
2020-04-16 20:05:26.017 [info] <0.43.0> Application amqp started on node nonode@nohost
2020-04-16 20:05:26.028 [info] <0.43.0> Application connection started on node nonode@nohost
2020-04-16 20:05:26.033 [info] <0.43.0> Application decimal started on node nonode@nohost
2020-04-16 20:05:26.046 [info] <0.43.0> Application db_connection started on node nonode@nohost
2020-04-16 20:05:26.060 [info] <0.43.0> Application postgrex started on node nonode@nohost
2020-04-16 20:05:26.069 [info] <0.43.0> Application ecto started on node nonode@nohost
2020-04-16 20:05:26.071 [info] <0.43.0> Application ecto_sql started on node nonode@nohost
2020-04-16 20:05:26.074 [info] <0.43.0> Application phoenix_html started on node nonode@nohost
2020-04-16 20:05:26.086 [info] <0.43.0> Application cowlib started on node nonode@nohost
2020-04-16 20:05:26.094 [info] <0.43.0> Application cowboy started on node nonode@nohost
2020-04-16 20:05:26.096 [info] <0.43.0> Application plug_cowboy started on node nonode@nohost
2020-04-16 20:05:26.102 [info] <0.43.0> Application file_system started on node nonode@nohost
2020-04-16 20:05:26.118 [info] <0.43.0> Application phoenix_live_reload started on node nonode@nohost
2020-04-16 20:05:26.121 [info] <0.43.0> Application phoenix_ecto started on node nonode@nohost
2020-04-16 20:05:26.231 [info] <0.43.0> Application genserv started on node nonode@nohost
2020-04-16 20:06:29.175 [info] <0.43.0> Application lager started on node nonode@nohost
2020-04-16 20:06:29.183 [info] <0.43.0> Application xmerl started on node nonode@nohost
2020-04-16 20:06:29.197 [info] <0.43.0> Application sasl started on node nonode@nohost
2020-04-16 20:06:29.204 [info] <0.43.0> Application tools started on node nonode@nohost
2020-04-16 20:06:29.207 [info] <0.43.0> Application jsx started on node nonode@nohost
2020-04-16 20:06:29.220 [info] <0.43.0> Application ranch started on node nonode@nohost
2020-04-16 20:06:29.236 [info] <0.43.0> Application recon started on node nonode@nohost
2020-04-16 20:06:29.272 [info] <0.43.0> Application credentials_obfuscation started on node nonode@nohost
2020-04-16 20:06:29.272 [info] <0.43.0> Application rabbit_common started on node nonode@nohost
2020-04-16 20:06:29.281 [info] <0.43.0> Application amqp_client started on node nonode@nohost
2020-04-16 20:06:29.284 [info] <0.43.0> Application amqp started on node nonode@nohost
2020-04-16 20:06:29.288 [info] <0.43.0> Application connection started on node nonode@nohost
2020-04-16 20:06:29.291 [info] <0.43.0> Application decimal started on node nonode@nohost
2020-04-16 20:06:29.303 [info] <0.43.0> Application db_connection started on node nonode@nohost
2020-04-16 20:06:29.318 [info] <0.43.0> Application postgrex started on node nonode@nohost
2020-04-16 20:06:29.329 [info] <0.43.0> Application ecto started on node nonode@nohost
2020-04-16 20:06:29.330 [info] <0.43.0> Application ecto_sql started on node nonode@nohost
2020-04-16 20:06:29.332 [info] <0.43.0> Application phoenix_html started on node nonode@nohost
2020-04-16 20:06:29.343 [info] <0.43.0> Application cowlib started on node nonode@nohost
2020-04-16 20:06:29.347 [info] <0.43.0> Application cowboy started on node nonode@nohost
2020-04-16 20:06:29.348 [info] <0.43.0> Application plug_cowboy started on node nonode@nohost
2020-04-16 20:06:29.358 [info] <0.43.0> Application file_system started on node nonode@nohost
2020-04-16 20:06:29.378 [info] <0.43.0> Application phoenix_live_reload started on node nonode@nohost
2020-04-16 20:06:29.381 [info] <0.43.0> Application phoenix_ecto started on node nonode@nohost
2020-04-16 20:06:29.489 [info] <0.43.0> Application genserv started on node nonode@nohost
2020-04-16 20:07:20.594 [info] <0.43.0> Application lager started on node nonode@nohost
2020-04-16 20:07:20.600 [info] <0.43.0> Application xmerl started on node nonode@nohost
2020-04-16 20:07:20.626 [info] <0.43.0> Application sasl started on node nonode@nohost
2020-04-16 20:07:20.631 [info] <0.43.0> Application tools started on node nonode@nohost
2020-04-16 20:07:20.634 [info] <0.43.0> Application jsx started on node nonode@nohost
2020-04-16 20:07:20.645 [info] <0.43.0> Application ranch started on node nonode@nohost
2020-04-16 20:07:20.648 [info] <0.43.0> Application recon started on node nonode@nohost
2020-04-16 20:07:20.684 [info] <0.43.0> Application credentials_obfuscation started on node nonode@nohost
2020-04-16 20:07:20.684 [info] <0.43.0> Application rabbit_common started on node nonode@nohost
2020-04-16 20:07:20.696 [info] <0.43.0> Application amqp_client started on node nonode@nohost
2020-04-16 20:07:20.699 [info] <0.43.0> Application amqp started on node nonode@nohost
2020-04-16 20:07:20.710 [info] <0.43.0> Application connection started on node nonode@nohost
2020-04-16 20:07:20.712 [info] <0.43.0> Application decimal started on node nonode@nohost
2020-04-16 20:07:20.727 [info] <0.43.0> Application db_connection started on node nonode@nohost
2020-04-16 20:07:20.744 [info] <0.43.0> Application postgrex started on node nonode@nohost
2020-04-16 20:07:20.751 [info] <0.43.0> Application ecto started on node nonode@nohost
2020-04-16 20:07:20.754 [info] <0.43.0> Application ecto_sql started on node nonode@nohost
2020-04-16 20:07:20.759 [info] <0.43.0> Application phoenix_html started on node nonode@nohost
2020-04-16 20:07:20.763 [info] <0.43.0> Application cowlib started on node nonode@nohost
2020-04-16 20:07:20.767 [info] <0.43.0> Application cowboy started on node nonode@nohost
2020-04-16 20:07:20.772 [info] <0.43.0> Application plug_cowboy started on node nonode@nohost
2020-04-16 20:07:20.779 [info] <0.43.0> Application file_system started on node nonode@nohost
2020-04-16 20:07:20.796 [info] <0.43.0> Application phoenix_live_reload started on node nonode@nohost
2020-04-16 20:07:20.799 [info] <0.43.0> Application phoenix_ecto started on node nonode@nohost
2020-04-16 20:07:20.901 [info] <0.43.0> Application genserv started on node nonode@nohost
2020-04-16 20:09:09.068 [info] <0.43.0> Application lager started on node nonode@nohost
2020-04-16 20:09:09.075 [info] <0.43.0> Application xmerl started on node nonode@nohost
2020-04-16 20:09:09.088 [info] <0.43.0> Application sasl started on node nonode@nohost
2020-04-16 20:09:09.095 [info] <0.43.0> Application tools started on node nonode@nohost
2020-04-16 20:09:09.097 [info] <0.43.0> Application jsx started on node nonode@nohost
2020-04-16 20:09:09.103 [info] <0.43.0> Application ranch started on node nonode@nohost
2020-04-16 20:09:09.107 [info] <0.43.0> Application recon started on node nonode@nohost
2020-04-16 20:09:09.161 [info] <0.43.0> Application credentials_obfuscation started on node nonode@nohost
2020-04-16 20:09:09.162 [info] <0.43.0> Application rabbit_common started on node nonode@nohost
2020-04-16 20:09:09.168 [info] <0.43.0> Application amqp_client started on node nonode@nohost
2020-04-16 20:09:09.170 [info] <0.43.0> Application amqp started on node nonode@nohost
2020-04-16 20:09:09.182 [info] <0.43.0> Application connection started on node nonode@nohost
2020-04-16 20:09:09.186 [info] <0.43.0> Application decimal started on node nonode@nohost
2020-04-16 20:09:09.198 [info] <0.43.0> Application db_connection started on node nonode@nohost
2020-04-16 20:09:09.221 [info] <0.43.0> Application postgrex started on node nonode@nohost
2020-04-16 20:09:09.269 [info] <0.43.0> Application ecto started on node nonode@nohost
2020-04-16 20:09:09.270 [info] <0.43.0> Application ecto_sql started on node nonode@nohost
2020-04-16 20:09:09.272 [info] <0.43.0> Application phoenix_html started on node nonode@nohost
2020-04-16 20:09:09.279 [info] <0.43.0> Application cowlib started on node nonode@nohost
2020-04-16 20:09:09.283 [info] <0.43.0> Application cowboy started on node nonode@nohost
2020-04-16 20:09:09.285 [info] <0.43.0> Application plug_cowboy started on node nonode@nohost
2020-04-16 20:09:09.289 [info] <0.43.0> Application file_system started on node nonode@nohost
2020-04-16 20:09:09.305 [info] <0.43.0> Application phoenix_live_reload started on node nonode@nohost
2020-04-16 20:09:09.307 [info] <0.43.0> Application phoenix_ecto started on node nonode@nohost
2020-04-16 20:09:09.415 [info] <0.43.0> Application genserv started on node nonode@nohost
2020-04-16 20:11:33.799 [info] <0.43.0> Application lager started on node nonode@nohost
2020-04-16 20:11:33.804 [info] <0.43.0> Application xmerl started on node nonode@nohost
2020-04-16 20:11:33.825 [info] <0.43.0> Application sasl started on node nonode@nohost
2020-04-16 20:11:33.844 [info] <0.43.0> Application tools started on node nonode@nohost
2020-04-16 20:11:33.859 [info] <0.43.0> Application jsx started on node nonode@nohost
2020-04-16 20:11:33.868 [info] <0.43.0> Application ranch started on node nonode@nohost
2020-04-16 20:11:33.871 [info] <0.43.0> Application recon started on node nonode@nohost
2020-04-16 20:11:33.898 [info] <0.43.0> Application credentials_obfuscation started on node nonode@nohost
2020-04-16 20:11:33.899 [info] <0.43.0> Application rabbit_common started on node nonode@nohost
2020-04-16 20:11:33.908 [info] <0.43.0> Application amqp_client started on node nonode@nohost
2020-04-16 20:11:33.914 [info] <0.43.0> Application amqp started on node nonode@nohost
2020-04-16 20:11:33.926 [info] <0.43.0> Application connection started on node nonode@nohost
2020-04-16 20:11:33.928 [info] <0.43.0> Application decimal started on node nonode@nohost
2020-04-16 20:11:33.942 [info] <0.43.0> Application db_connection started on node nonode@nohost
2020-04-16 20:11:33.954 [info] <0.43.0> Application postgrex started on node nonode@nohost
2020-04-16 20:11:33.982 [info] <0.43.0> Application ecto started on node nonode@nohost
2020-04-16 20:11:33.983 [info] <0.43.0> Application ecto_sql started on node nonode@nohost
2020-04-16 20:11:33.984 [info] <0.43.0> Application phoenix_html started on node nonode@nohost
2020-04-16 20:11:34.015 [info] <0.43.0> Application cowlib started on node nonode@nohost
2020-04-16 20:11:34.023 [info] <0.43.0> Application cowboy started on node nonode@nohost
2020-04-16 20:11:34.040 [info] <0.43.0> Application plug_cowboy started on node nonode@nohost
2020-04-16 20:11:34.048 [info] <0.43.0> Application file_system started on node nonode@nohost
2020-04-16 20:11:34.066 [info] <0.43.0> Application phoenix_live_reload started on node nonode@nohost
2020-04-16 20:11:34.071 [info] <0.43.0> Application phoenix_ecto started on node nonode@nohost
2020-04-16 20:11:34.171 [info] <0.43.0> Application genserv started on node nonode@nohost
2020-04-16 20:17:51.398 [info] <0.43.0> Application lager started on node nonode@nohost
2020-04-16 20:17:51.423 [info] <0.43.0> Application xmerl started on node nonode@nohost
2020-04-16 20:17:51.445 [info] <0.43.0> Application sasl started on node nonode@nohost
2020-04-16 20:17:51.453 [info] <0.43.0> Application tools started on node nonode@nohost
2020-04-16 20:17:51.458 [info] <0.43.0> Application jsx started on node nonode@nohost
2020-04-16 20:17:51.467 [info] <0.43.0> Application ranch started on node nonode@nohost
2020-04-16 20:17:51.473 [info] <0.43.0> Application recon started on node nonode@nohost
2020-04-16 20:17:51.507 [info] <0.43.0> Application credentials_obfuscation started on node nonode@nohost
2020-04-16 20:17:51.507 [info] <0.43.0> Application rabbit_common started on node nonode@nohost
2020-04-16 20:17:51.518 [info] <0.43.0> Application amqp_client started on node nonode@nohost
2020-04-16 20:17:51.522 [info] <0.43.0> Application amqp started on node nonode@nohost
2020-04-16 20:17:51.528 [info] <0.43.0> Application connection started on node nonode@nohost
2020-04-16 20:17:51.531 [info] <0.43.0> Application decimal started on node nonode@nohost
2020-04-16 20:17:51.546 [info] <0.43.0> Application db_connection started on node nonode@nohost
2020-04-16 20:17:51.563 [info] <0.43.0> Application postgrex started on node nonode@nohost
2020-04-16 20:17:51.574 [info] <0.43.0> Application ecto started on node nonode@nohost
2020-04-16 20:17:51.577 [info] <0.43.0> Application ecto_sql started on node nonode@nohost
2020-04-16 20:17:51.580 [info] <0.43.0> Application phoenix_html started on node nonode@nohost
2020-04-16 20:17:51.585 [info] <0.43.0> Application cowlib started on node nonode@nohost
2020-04-16 20:17:51.594 [info] <0.43.0> Application cowboy started on node nonode@nohost
2020-04-16 20:17:51.596 [info] <0.43.0> Application plug_cowboy started on node nonode@nohost
2020-04-16 20:17:51.602 [info] <0.43.0> Application file_system started on node nonode@nohost
2020-04-16 20:17:51.631 [info] <0.43.0> Application phoenix_live_reload started on node nonode@nohost
2020-04-16 20:17:51.633 [info] <0.43.0> Application phoenix_ecto started on node nonode@nohost
2020-04-16 20:17:51.748 [info] <0.43.0> Application genserv started on node nonode@nohost
2020-04-16 20:18:30.108 [info] <0.43.0> Application lager started on node nonode@nohost
2020-04-16 20:18:30.116 [info] <0.43.0> Application xmerl started on node nonode@nohost
2020-04-16 20:18:30.142 [info] <0.43.0> Application sasl started on node nonode@nohost
2020-04-16 20:18:30.147 [info] <0.43.0> Application tools started on node nonode@nohost
2020-04-16 20:18:30.150 [info] <0.43.0> Application jsx started on node nonode@nohost
2020-04-16 20:18:30.162 [info] <0.43.0> Application ranch started on node nonode@nohost
2020-04-16 20:18:30.165 [info] <0.43.0> Application recon started on node nonode@nohost
2020-04-16 20:18:30.205 [info] <0.43.0> Application credentials_obfuscation started on node nonode@nohost
2020-04-16 20:18:30.205 [info] <0.43.0> Application rabbit_common started on node nonode@nohost
2020-04-16 20:18:30.264 [info] <0.43.0> Application amqp_client started on node nonode@nohost
2020-04-16 20:18:30.267 [info] <0.43.0> Application amqp started on node nonode@nohost
2020-04-16 20:18:30.275 [info] <0.43.0> Application connection started on node nonode@nohost
2020-04-16 20:18:30.278 [info] <0.43.0> Application decimal started on node nonode@nohost
2020-04-16 20:18:30.292 [info] <0.43.0> Application db_connection started on node nonode@nohost
2020-04-16 20:18:30.308 [info] <0.43.0> Application postgrex started on node nonode@nohost
2020-04-16 20:18:30.316 [info] <0.43.0> Application ecto started on node nonode@nohost
2020-04-16 20:18:30.319 [info] <0.43.0> Application ecto_sql started on node nonode@nohost
2020-04-16 20:18:30.323 [info] <0.43.0> Application phoenix_html started on node nonode@nohost
2020-04-16 20:18:30.329 [info] <0.43.0> Application cowlib started on node nonode@nohost
2020-04-16 20:18:30.339 [info] <0.43.0> Application cowboy started on node nonode@nohost
2020-04-16 20:18:30.342 [info] <0.43.0> Application plug_cowboy started on node nonode@nohost
2020-04-16 20:18:30.346 [info] <0.43.0> Application file_system started on node nonode@nohost
2020-04-16 20:18:30.362 [info] <0.43.0> Application phoenix_live_reload started on node nonode@nohost
2020-04-16 20:18:30.367 [info] <0.43.0> Application phoenix_ecto started on node nonode@nohost
2020-04-16 20:18:30.481 [info] <0.43.0> Application genserv started on node nonode@nohost
2020-04-16 20:19:46.123 [info] <0.43.0> Application lager started on node nonode@nohost
2020-04-16 20:19:46.130 [info] <0.43.0> Application xmerl started on node nonode@nohost
2020-04-16 20:19:46.147 [info] <0.43.0> Application sasl started on node nonode@nohost
2020-04-16 20:19:46.153 [info] <0.43.0> Application tools started on node nonode@nohost
2020-04-16 20:19:46.160 [info] <0.43.0> Application jsx started on node nonode@nohost
2020-04-16 20:19:46.168 [info] <0.43.0> Application ranch started on node nonode@nohost
2020-04-16 20:19:46.176 [info] <0.43.0> Application recon started on node nonode@nohost
2020-04-16 20:19:46.209 [info] <0.43.0> Application credentials_obfuscation started on node nonode@nohost
2020-04-16 20:19:46.209 [info] <0.43.0> Application rabbit_common started on node nonode@nohost
2020-04-16 20:19:46.218 [info] <0.43.0> Application amqp_client started on node nonode@nohost
2020-04-16 20:19:46.222 [info] <0.43.0> Application amqp started on node nonode@nohost
2020-04-16 20:19:46.229 [info] <0.43.0> Application connection started on node nonode@nohost
2020-04-16 20:19:46.234 [info] <0.43.0> Application decimal started on node nonode@nohost
2020-04-16 20:19:46.251 [info] <0.43.0> Application db_connection started on node nonode@nohost
2020-04-16 20:19:46.267 [info] <0.43.0> Application postgrex started on node nonode@nohost
2020-04-16 20:19:46.280 [info] <0.43.0> Application ecto started on node nonode@nohost
2020-04-16 20:19:46.281 [info] <0.43.0> Application ecto_sql started on node nonode@nohost
2020-04-16 20:19:46.283 [info] <0.43.0> Application phoenix_html started on node nonode@nohost
2020-04-16 20:19:46.294 [info] <0.43.0> Application cowlib started on node nonode@nohost
2020-04-16 20:19:46.299 [info] <0.43.0> Application cowboy started on node nonode@nohost
2020-04-16 20:19:46.301 [info] <0.43.0> Application plug_cowboy started on node nonode@nohost
2020-04-16 20:19:46.311 [info] <0.43.0> Application file_system started on node nonode@nohost
2020-04-16 20:19:46.328 [info] <0.43.0> Application phoenix_live_reload started on node nonode@nohost
2020-04-16 20:19:46.331 [info] <0.43.0> Application phoenix_ecto started on node nonode@nohost
2020-04-16 20:19:46.446 [info] <0.43.0> Application genserv started on node nonode@nohost
2020-04-16 20:23:18.858 [info] <0.43.0> Application lager started on node nonode@nohost
2020-04-16 20:23:18.865 [info] <0.43.0> Application xmerl started on node nonode@nohost
2020-04-16 20:23:18.883 [info] <0.43.0> Application sasl started on node nonode@nohost
2020-04-16 20:23:18.894 [info] <0.43.0> Application tools started on node nonode@nohost
2020-04-16 20:23:18.896 [info] <0.43.0> Application jsx started on node nonode@nohost
2020-04-16 20:23:18.904 [info] <0.43.0> Application ranch started on node nonode@nohost
2020-04-16 20:23:18.911 [info] <0.43.0> Application recon started on node nonode@nohost
2020-04-16 20:23:18.945 [info] <0.43.0> Application credentials_obfuscation started on node nonode@nohost
2020-04-16 20:23:18.946 [info] <0.43.0> Application rabbit_common started on node nonode@nohost
2020-04-16 20:23:18.961 [info] <0.43.0> Application amqp_client started on node nonode@nohost
2020-04-16 20:23:18.964 [info] <0.43.0> Application amqp started on node nonode@nohost
2020-04-16 20:23:18.969 [info] <0.43.0> Application connection started on node nonode@nohost
2020-04-16 20:23:18.973 [info] <0.43.0> Application decimal started on node nonode@nohost
2020-04-16 20:23:18.985 [info] <0.43.0> Application db_connection started on node nonode@nohost
2020-04-16 20:23:19.001 [info] <0.43.0> Application postgrex started on node nonode@nohost
2020-04-16 20:23:19.011 [info] <0.43.0> Application ecto started on node nonode@nohost
2020-04-16 20:23:19.013 [info] <0.43.0> Application ecto_sql started on node nonode@nohost
2020-04-16 20:23:19.015 [info] <0.43.0> Application phoenix_html started on node nonode@nohost
2020-04-16 20:23:19.024 [info] <0.43.0> Application cowlib started on node nonode@nohost
2020-04-16 20:23:19.029 [info] <0.43.0> Application cowboy started on node nonode@nohost
2020-04-16 20:23:19.032 [info] <0.43.0> Application plug_cowboy started on node nonode@nohost
2020-04-16 20:23:19.036 [info] <0.43.0> Application file_system started on node nonode@nohost
2020-04-16 20:23:19.057 [info] <0.43.0> Application phoenix_live_reload started on node nonode@nohost
2020-04-16 20:23:19.064 [info] <0.43.0> Application phoenix_ecto started on node nonode@nohost
2020-04-16 20:23:19.187 [info] <0.43.0> Application genserv started on node nonode@nohost
